-------------------------------------------------------------------------------
             ROOTS                                      F(ROOTS)
-------------------------------------------------------------------------------

Iteration #1
X1                   -0.08966074                 F1(X)           -0.11658823 
X2                    3.74798061                 F2(X)           -0.04005748 
X3                    1.67447496                 F3(X)            1.38015392 


Iteration #2
X1                   -0.04976979                 F1(X)           -0.08399349 
X2                    4.66192468                 F2(X)           -0.01231252 
X3                    1.15331069                 F3(X)            0.20783736 


Iteration #3
X1                   -0.01010165                 F1(X)           -0.01538370 
X2                    5.02715710                 F2(X)           -0.00202867 
X3                    1.00958075                 F3(X)            0.01455372 


Iteration #4
X1                   -0.00004023                 F1(X)           -0.00008875 
X2                    4.99981376                 F2(X)           -0.00000805 
X3                    1.00006918                 F3(X)            0.00006088 


Iteration #5
X1                   -0.00000000                 F1(X)           -0.00000000 
X2                    5.00000004                 F2(X)           -0.00000000 
X3                    1.00000000                 F3(X)            0.00000000 


===============================================================================
                     NLMT1.E - Using an Analytic Jacobian                      
===============================================================================
 nlsys Version 1.0.1                                       2/24/2025  10:13 am
===============================================================================

Number of iterations required:                                               5
||F(x)|| at final solution:                                      2.9653295e-09

Algorithm used:                                                    LINE SEARCH
Jacobian calculated using:                                    ANALYTIC JACOBIAN


-------------------------------------------------------------------------------
Termination Code = 1:

Norm of the scaled function value is less than the value of the fvtol member
of the nlControl structure; xp given is an approximate root of F(x) (unless
fvtol is too large).
-------------------------------------------------------------------------------

-------------------------------------------------------------------------------
VARIABLE             START                   ROOTS                 F(ROOTS)
-------------------------------------------------------------------------------
X1                  1.00000             -4.2814109e-09          -4.7850273e-09 
X2                  8.00000                          5          -8.5628216e-10 
X3                  3.00000                          1           3.3975008e-09 
-------------------------------------------------------------------------------


